<?xml version="1.0" encoding="UTF-8"?>
<testng-results ignored="0" total="6" passed="6" failed="0" skipped="0">
  <reporter-output>
  </reporter-output>
  <suite started-at="2023-08-12T12:07:40Z" name="Suite" finished-at="2023-08-12T12:07:41Z" duration-ms="35">
    <groups>
    </groups>
    <test started-at="2023-08-12T12:07:40Z" name="Test" finished-at="2023-08-12T12:07:41Z" duration-ms="35">
      <class name="qaclickacademy.AppiumTest">
        <test-method signature="IOSApps()[pri:0, instance:qaclickacademy.AppiumTest@5c1a8622]" started-at="2023-08-12T17:37:41Z" name="IOSApps" finished-at="2023-08-12T17:37:41Z" duration-ms="0" status="PASS">
          <reporter-output>
          </reporter-output>
        </test-method> <!-- IOSApps -->
        <test-method signature="NativeAPpAndroid()[pri:0, instance:qaclickacademy.AppiumTest@5c1a8622]" started-at="2023-08-12T17:37:41Z" name="NativeAPpAndroid" finished-at="2023-08-12T17:37:41Z" duration-ms="0" status="PASS">
          <reporter-output>
          </reporter-output>
        </test-method> <!-- NativeAPpAndroid -->
      </class> <!-- qaclickacademy.AppiumTest -->
      <class name="qaclickacademy.RESTAPITest">
        <test-method signature="deleteTwitter()[pri:0, instance:qaclickacademy.RESTAPITest@2aa5fe93]" started-at="2023-08-12T17:37:41Z" name="deleteTwitter" finished-at="2023-08-12T17:37:41Z" duration-ms="0" status="PASS">
          <reporter-output>
          </reporter-output>
        </test-method> <!-- deleteTwitter -->
        <test-method signature="postJira()[pri:0, instance:qaclickacademy.RESTAPITest@2aa5fe93]" started-at="2023-08-12T17:37:41Z" name="postJira" finished-at="2023-08-12T17:37:41Z" duration-ms="0" status="PASS">
          <reporter-output>
          </reporter-output>
        </test-method> <!-- postJira -->
      </class> <!-- qaclickacademy.RESTAPITest -->
      <class name="qaclickacademy.SeleniumTest">
        <test-method signature="BrowserAUtomation()[pri:0, instance:qaclickacademy.SeleniumTest@436a4e4b]" started-at="2023-08-12T17:37:41Z" name="BrowserAUtomation" finished-at="2023-08-12T17:37:41Z" duration-ms="8" status="PASS">
          <reporter-output>
          </reporter-output>
        </test-method> <!-- BrowserAUtomation -->
        <test-method signature="elementsUi()[pri:0, instance:qaclickacademy.SeleniumTest@436a4e4b]" started-at="2023-08-12T17:37:41Z" name="elementsUi" finished-at="2023-08-12T17:37:41Z" duration-ms="0" status="PASS">
          <reporter-output>
          </reporter-output>
        </test-method> <!-- elementsUi -->
      </class> <!-- qaclickacademy.SeleniumTest -->
    </test> <!-- Test -->
  </suite> <!-- Suite -->
</testng-results>
